<?xml version="1.0" encoding="UTF-8"?>
<testsuite name="com.example.worldline_test.service.TaskListServiceTest" tests="5" skipped="0" failures="0" errors="0" timestamp="2025-06-07T18:48:04.018Z" hostname="Christoss-Mac-mini.local" time="0.565">
  <properties/>
  <testcase name="getListById_returnsList_whenExists()" classname="com.example.worldline_test.service.TaskListServiceTest" time="0.546"/>
  <testcase name="addTaskToList_savesTaskWithList()" classname="com.example.worldline_test.service.TaskListServiceTest" time="0.005"/>
  <testcase name="deleteTask_removesTask()" classname="com.example.worldline_test.service.TaskListServiceTest" time="0.001"/>
  <testcase name="updateTask_updatesFields()" classname="com.example.worldline_test.service.TaskListServiceTest" time="0.002"/>
  <testcase name="getListById_throws_whenNotFound()" classname="com.example.worldline_test.service.TaskListServiceTest" time="0.008"/>
  <system-out><![CDATA[]]></system-out>
  <system-err><![CDATA[Mockito is currently self-attaching to enable the inline-mock-maker. This will no longer work in future releases of the JDK. Please add Mockito as an agent to your build as described in Mockito's documentation: https://javadoc.io/doc/org.mockito/mockito-core/latest/org.mockito/org/mockito/Mockito.html#0.3
WARNING: A Java agent has been loaded dynamically (/Users/chpetrou/.gradle/caches/modules-2/files-2.1/net.bytebuddy/byte-buddy-agent/1.17.5/58f9507f5f28d1d3e7adfb4ec2fe37c29d332c9b/byte-buddy-agent-1.17.5.jar)
WARNING: If a serviceability tool is in use, please run with -XX:+EnableDynamicAgentLoading to hide this warning
WARNING: If a serviceability tool is not in use, please run with -Djdk.instrument.traceUsage for more information
WARNING: Dynamic loading of agents will be disallowed by default in a future release
]]></system-err>
</testsuite>
